<?xml version="1.0" encoding="UTF-8"?>
<testsuite xmlns:xsi="http://www.w3.org/2001/XMLSchema-instance" xsi:noNamespaceSchemaLocation="https://maven.apache.org/surefire/maven-surefire-plugin/xsd/surefire-test-report-3.0.xsd" version="3.0" name="com.codeavenue.demo.DemoApplicationTests" time="3.862" tests="1" errors="0" skipped="0" failures="0">
  <properties>
[...]
</properties>
  <testcase name="contextLoads" classname="com.codeavenue.demo.DemoApplicationTests" time="1.065">
    <system-out><![CDATA[02:25:45.243 [main] INFO org.springframework.test.context.support.AnnotationConfigContextLoaderUtils -- Could not detect default configuration classes for test class [com.codeavenue.demo.DemoApplicationTests]: DemoApplicationTests does not declare any static, non-private, non-final, nested classes annotated with @Configuration.
02:25:45.369 [main] INFO org.springframework.boot.test.context.SpringBootTestContextBootstrapper -- Found @SpringBootConfiguration com.codeavenue.demo.DemoApplication for test class com.codeavenue.demo.DemoApplicationTests
02:25:45.555 [main] INFO org.springframework.boot.devtools.restart.RestartApplicationListener -- Restart disabled due to context in which it is running

  .   ____          _            __ _ _
 /\\ / ___'_ __ _ _(_)_ __  __ _ \ \ \ \
( ( )\___ | '_ | '_| | '_ \/ _` | \ \ \ \
 \\/  ___)| |_)| | | | | || (_| |  ) ) ) )
  '  |____| .__|_| |_|_| |_\__, | / / / /
 =========|_|==============|___/=/_/_/_/

 :: Spring Boot ::                (v3.3.2)

2024-08-14T02:25:45.853+05:00  INFO 18896 --- [demo] [           main] c.codeavenue.demo.DemoApplicationTests   : Starting DemoApplicationTests using Java 19.0.2 with PID 18896 (started by ahmadtaha in D:\stream-project)
2024-08-14T02:25:45.855+05:00  INFO 18896 --- [demo] [           main] c.codeavenue.demo.DemoApplicationTests   : No active profile set, falling back to 1 default profile: "default"
2024-08-14T02:25:47.676+05:00  INFO 18896 --- [demo] [           main] o.s.b.a.e.web.EndpointLinksResolver      : Exposing 1 endpoint beneath base path '/actuator'
2024-08-14T02:25:47.727+05:00  INFO 18896 --- [demo] [           main] c.codeavenue.demo.DemoApplicationTests   : Started DemoApplicationTests in 2.189 seconds (process running for 3.745)
]]></system-out>
  </testcase>
</testsuite>